2022-04-07T13:22:13+00:00 CRITICAL Maximum execution time of 120 seconds exceeded in D:\Php\wordpress\nhiboutiques\wp-content\themes\nhiboutiques\functions.php on line 185

2022-04-07T13:28:00+00:00 CRITICAL Uncaught Error: Call to undefined function get_field() in D:\Php\wordpress\nhiboutiques\wp-content\themes\nhiboutiques\inc\libs.php:488
Stack trace:
#0 D:\Php\wordpress\nhiboutiques\wp-content\themes\nhiboutiques\template-parts\pages\content-detail.php(2): get_custom_field_by_post_id('_detail_content...', 15)
#1 D:\Php\wordpress\nhiboutiques\wp-includes\template.php(772): require('D:\\Php\\wordpres...')
#2 D:\Php\wordpress\nhiboutiques\wp-includes\template.php(716): load_template('D:\\Php\\wordpres...', false, Array)
#3 D:\Php\wordpress\nhiboutiques\wp-includes\general-template.php(204): locate_template(Array, true, false, Array)
#4 D:\Php\wordpress\nhiboutiques\wp-content\themes\nhiboutiques\single.php(10): get_template_part('template-parts/...', 'detail')
#5 D:\Php\wordpress\nhiboutiques\wp-includes\template-loader.php(106): include('D:\\Php\\wordpres...')
#6 D:\Php\wordpress\nhiboutiques\wp-blog-header.php(19): require_once('D:\\Php\\wordpres...')
#7 D:\Php\wordpress\nhiboutiques\index.php(17): require('D:\\Php\\wordpres...')
#8 {main}
  thrown in D:\Php\wordpress\nhiboutiques\wp-content\themes\nhiboutiques\inc\libs.php on line 488

2022-04-07T13:30:46+00:00 CRITICAL Uncaught Error: Call to undefined function get_field() in D:\Php\wordpress\nhiboutiques\wp-content\themes\nhiboutiques\inc\libs.php:488
Stack trace:
#0 D:\Php\wordpress\nhiboutiques\wp-content\themes\nhiboutiques\template-parts\pages\content-detail.php(2): get_custom_field_by_post_id('_detail_content...', 15)
#1 D:\Php\wordpress\nhiboutiques\wp-includes\template.php(772): require('D:\\Php\\wordpres...')
#2 D:\Php\wordpress\nhiboutiques\wp-includes\template.php(716): load_template('D:\\Php\\wordpres...', false, Array)
#3 D:\Php\wordpress\nhiboutiques\wp-includes\general-template.php(204): locate_template(Array, true, false, Array)
#4 D:\Php\wordpress\nhiboutiques\wp-content\themes\nhiboutiques\single.php(10): get_template_part('template-parts/...', 'detail')
#5 D:\Php\wordpress\nhiboutiques\wp-includes\template-loader.php(106): include('D:\\Php\\wordpres...')
#6 D:\Php\wordpress\nhiboutiques\wp-blog-header.php(19): require_once('D:\\Php\\wordpres...')
#7 D:\Php\wordpress\nhiboutiques\index.php(17): require('D:\\Php\\wordpres...')
#8 {main}
  thrown in D:\Php\wordpress\nhiboutiques\wp-content\themes\nhiboutiques\inc\libs.php on line 488

2022-04-07T13:33:11+00:00 CRITICAL Uncaught Error: Call to undefined function get_field() in D:\Php\wordpress\nhiboutiques\wp-content\themes\nhiboutiques\inc\libs.php:488
Stack trace:
#0 D:\Php\wordpress\nhiboutiques\wp-content\themes\nhiboutiques\template-parts\pages\content-detail.php(2): get_custom_field_by_post_id('_detail_content...', 15)
#1 D:\Php\wordpress\nhiboutiques\wp-includes\template.php(772): require('D:\\Php\\wordpres...')
#2 D:\Php\wordpress\nhiboutiques\wp-includes\template.php(716): load_template('D:\\Php\\wordpres...', false, Array)
#3 D:\Php\wordpress\nhiboutiques\wp-includes\general-template.php(204): locate_template(Array, true, false, Array)
#4 D:\Php\wordpress\nhiboutiques\wp-content\themes\nhiboutiques\single.php(10): get_template_part('template-parts/...', 'detail')
#5 D:\Php\wordpress\nhiboutiques\wp-includes\template-loader.php(106): include('D:\\Php\\wordpres...')
#6 D:\Php\wordpress\nhiboutiques\wp-blog-header.php(19): require_once('D:\\Php\\wordpres...')
#7 D:\Php\wordpress\nhiboutiques\index.php(17): require('D:\\Php\\wordpres...')
#8 {main}
  thrown in D:\Php\wordpress\nhiboutiques\wp-content\themes\nhiboutiques\inc\libs.php on line 488

2022-04-07T13:34:09+00:00 CRITICAL Uncaught Error: Call to undefined function get_field() in D:\Php\wordpress\nhiboutiques\wp-content\themes\nhiboutiques\inc\libs.php:488
Stack trace:
#0 D:\Php\wordpress\nhiboutiques\wp-content\themes\nhiboutiques\template-parts\pages\content-detail.php(2): get_custom_field_by_post_id('_detail_content...', 15)
#1 D:\Php\wordpress\nhiboutiques\wp-includes\template.php(772): require('D:\\Php\\wordpres...')
#2 D:\Php\wordpress\nhiboutiques\wp-includes\template.php(716): load_template('D:\\Php\\wordpres...', false, Array)
#3 D:\Php\wordpress\nhiboutiques\wp-includes\general-template.php(204): locate_template(Array, true, false, Array)
#4 D:\Php\wordpress\nhiboutiques\wp-content\themes\nhiboutiques\single.php(10): get_template_part('template-parts/...', 'detail')
#5 D:\Php\wordpress\nhiboutiques\wp-includes\template-loader.php(106): include('D:\\Php\\wordpres...')
#6 D:\Php\wordpress\nhiboutiques\wp-blog-header.php(19): require_once('D:\\Php\\wordpres...')
#7 D:\Php\wordpress\nhiboutiques\index.php(17): require('D:\\Php\\wordpres...')
#8 {main}
  thrown in D:\Php\wordpress\nhiboutiques\wp-content\themes\nhiboutiques\inc\libs.php on line 488

2022-04-07T13:34:30+00:00 CRITICAL Uncaught Error: Call to undefined function get_field() in D:\Php\wordpress\nhiboutiques\wp-content\themes\nhiboutiques\inc\libs.php:488
Stack trace:
#0 D:\Php\wordpress\nhiboutiques\wp-content\themes\nhiboutiques\template-parts\pages\content-detail.php(2): get_custom_field_by_post_id('_detail_content...', 15)
#1 D:\Php\wordpress\nhiboutiques\wp-includes\template.php(772): require('D:\\Php\\wordpres...')
#2 D:\Php\wordpress\nhiboutiques\wp-includes\template.php(716): load_template('D:\\Php\\wordpres...', false, Array)
#3 D:\Php\wordpress\nhiboutiques\wp-includes\general-template.php(204): locate_template(Array, true, false, Array)
#4 D:\Php\wordpress\nhiboutiques\wp-content\themes\nhiboutiques\single.php(10): get_template_part('template-parts/...', 'detail')
#5 D:\Php\wordpress\nhiboutiques\wp-includes\template-loader.php(106): include('D:\\Php\\wordpres...')
#6 D:\Php\wordpress\nhiboutiques\wp-blog-header.php(19): require_once('D:\\Php\\wordpres...')
#7 D:\Php\wordpress\nhiboutiques\index.php(17): require('D:\\Php\\wordpres...')
#8 {main}
  thrown in D:\Php\wordpress\nhiboutiques\wp-content\themes\nhiboutiques\inc\libs.php on line 488

2022-04-07T13:35:18+00:00 CRITICAL Uncaught Error: Call to undefined function get_field() in D:\Php\wordpress\nhiboutiques\wp-content\themes\nhiboutiques\inc\libs.php:488
Stack trace:
#0 D:\Php\wordpress\nhiboutiques\wp-content\themes\nhiboutiques\template-parts\pages\content-detail.php(2): get_custom_field_by_post_id('_detail_content...', 15)
#1 D:\Php\wordpress\nhiboutiques\wp-includes\template.php(772): require('D:\\Php\\wordpres...')
#2 D:\Php\wordpress\nhiboutiques\wp-includes\template.php(716): load_template('D:\\Php\\wordpres...', false, Array)
#3 D:\Php\wordpress\nhiboutiques\wp-includes\general-template.php(204): locate_template(Array, true, false, Array)
#4 D:\Php\wordpress\nhiboutiques\wp-content\themes\nhiboutiques\single.php(10): get_template_part('template-parts/...', 'detail')
#5 D:\Php\wordpress\nhiboutiques\wp-includes\template-loader.php(106): include('D:\\Php\\wordpres...')
#6 D:\Php\wordpress\nhiboutiques\wp-blog-header.php(19): require_once('D:\\Php\\wordpres...')
#7 D:\Php\wordpress\nhiboutiques\index.php(17): require('D:\\Php\\wordpres...')
#8 {main}
  thrown in D:\Php\wordpress\nhiboutiques\wp-content\themes\nhiboutiques\inc\libs.php on line 488

2022-04-07T13:36:13+00:00 CRITICAL Uncaught Error: Call to undefined function get_field() in D:\Php\wordpress\nhiboutiques\wp-content\themes\nhiboutiques\inc\libs.php:488
Stack trace:
#0 D:\Php\wordpress\nhiboutiques\wp-content\themes\nhiboutiques\template-parts\pages\content-detail.php(2): get_custom_field_by_post_id('_detail_content...', 15)
#1 D:\Php\wordpress\nhiboutiques\wp-includes\template.php(772): require('D:\\Php\\wordpres...')
#2 D:\Php\wordpress\nhiboutiques\wp-includes\template.php(716): load_template('D:\\Php\\wordpres...', false, Array)
#3 D:\Php\wordpress\nhiboutiques\wp-includes\general-template.php(204): locate_template(Array, true, false, Array)
#4 D:\Php\wordpress\nhiboutiques\wp-content\themes\nhiboutiques\single.php(10): get_template_part('template-parts/...', 'detail')
#5 D:\Php\wordpress\nhiboutiques\wp-includes\template-loader.php(106): include('D:\\Php\\wordpres...')
#6 D:\Php\wordpress\nhiboutiques\wp-blog-header.php(19): require_once('D:\\Php\\wordpres...')
#7 D:\Php\wordpress\nhiboutiques\index.php(17): require('D:\\Php\\wordpres...')
#8 {main}
  thrown in D:\Php\wordpress\nhiboutiques\wp-content\themes\nhiboutiques\inc\libs.php on line 488

