2022-04-21T01:52:44+00:00 CRITICAL Uncaught TypeError: array_intersect_key(): Argument #1 ($array) must be of type array, bool given in D:\Php\wordpress\nhiboutiques\wp-content\plugins\pinterest-for-woocommerce\src\TrackerSnapshot.php:87
Stack trace:
#0 D:\Php\wordpress\nhiboutiques\wp-content\plugins\pinterest-for-woocommerce\src\TrackerSnapshot.php(87): array_intersect_key(false, Array)
#1 D:\Php\wordpress\nhiboutiques\wp-content\plugins\pinterest-for-woocommerce\src\TrackerSnapshot.php(61): Automattic\WooCommerce\Pinterest\TrackerSnapshot::parse_settings()
#2 D:\Php\wordpress\nhiboutiques\wp-content\plugins\pinterest-for-woocommerce\src\TrackerSnapshot.php(43): Automattic\WooCommerce\Pinterest\TrackerSnapshot::include_snapshot_data(Array)
#3 D:\Php\wordpress\nhiboutiques\wp-includes\class-wp-hook.php(307): Automattic\WooCommerce\Pinterest\TrackerSnapshot::Automattic\WooCommerce\Pinterest\{closure}(Array)
#4 D:\Php\wordpress\nhiboutiques\wp-includes\plugin.php(189): WP_Hook->apply_filters(Array, Array)
#5 D:\Php\wordpress\nhiboutiques\wp-content\plugins\woocommerce\includes\class-wc-tracker.php(175): apply_filters('woocommerce_tra...', Array)
#6 D:\Php\wordpress\nhiboutiques\wp-content\plugins\woocommerce\includes\class-wc-tracker.php(64): WC_Tracker::get_tracking_data()
#7 D:\Php\wordpress\nhiboutiques\wp-includes\class-wp-hook.php(307): WC_Tracker::send_tracking_data()
#8 D:\Php\wordpress\nhiboutiques\wp-includes\class-wp-hook.php(331): WP_Hook->apply_filters('', Array)
#9 D:\Php\wordpress\nhiboutiques\wp-includes\plugin.php(522): WP_Hook->do_action(Array)
#10 D:\Php\wordpress\nhiboutiques\wp-cron.php(138): do_action_ref_array('woocommerce_tra...', Array)
#11 {main}
  thrown in D:\Php\wordpress\nhiboutiques\wp-content\plugins\pinterest-for-woocommerce\src\TrackerSnapshot.php on line 87

2022-04-21T13:16:23+00:00 CRITICAL Uncaught Error: Call to undefined function get_field() in D:\Php\wordpress\nhiboutiques\wp-content\themes\nhiboutiques\inc\libs.php:488
Stack trace:
#0 D:\Php\wordpress\nhiboutiques\wp-content\themes\nhiboutiques\template-parts\content-slider.php(51): get_custom_field_by_post_id('_banner_url', 40)
#1 D:\Php\wordpress\nhiboutiques\wp-includes\template.php(772): require('D:\\Php\\wordpres...')
#2 D:\Php\wordpress\nhiboutiques\wp-includes\template.php(716): load_template('D:\\Php\\wordpres...', false, Array)
#3 D:\Php\wordpress\nhiboutiques\wp-includes\general-template.php(204): locate_template(Array, true, false, Array)
#4 D:\Php\wordpress\nhiboutiques\wp-content\themes\nhiboutiques\index.php(20): get_template_part('template-parts/...', 'slider')
#5 D:\Php\wordpress\nhiboutiques\wp-includes\template-loader.php(106): include('D:\\Php\\wordpres...')
#6 D:\Php\wordpress\nhiboutiques\wp-blog-header.php(19): require_once('D:\\Php\\wordpres...')
#7 D:\Php\wordpress\nhiboutiques\index.php(17): require('D:\\Php\\wordpres...')
#8 {main}
  thrown in D:\Php\wordpress\nhiboutiques\wp-content\themes\nhiboutiques\inc\libs.php on line 488

2022-04-21T13:16:55+00:00 CRITICAL Uncaught Error: Call to undefined function get_field() in D:\Php\wordpress\nhiboutiques\wp-content\themes\nhiboutiques\inc\libs.php:488
Stack trace:
#0 D:\Php\wordpress\nhiboutiques\wp-content\themes\nhiboutiques\template-parts\content-slider.php(51): get_custom_field_by_post_id('_banner_url', 40)
#1 D:\Php\wordpress\nhiboutiques\wp-includes\template.php(772): require('D:\\Php\\wordpres...')
#2 D:\Php\wordpress\nhiboutiques\wp-includes\template.php(716): load_template('D:\\Php\\wordpres...', false, Array)
#3 D:\Php\wordpress\nhiboutiques\wp-includes\general-template.php(204): locate_template(Array, true, false, Array)
#4 D:\Php\wordpress\nhiboutiques\wp-content\themes\nhiboutiques\index.php(20): get_template_part('template-parts/...', 'slider')
#5 D:\Php\wordpress\nhiboutiques\wp-includes\template-loader.php(106): include('D:\\Php\\wordpres...')
#6 D:\Php\wordpress\nhiboutiques\wp-blog-header.php(19): require_once('D:\\Php\\wordpres...')
#7 D:\Php\wordpress\nhiboutiques\index.php(17): require('D:\\Php\\wordpres...')
#8 {main}
  thrown in D:\Php\wordpress\nhiboutiques\wp-content\themes\nhiboutiques\inc\libs.php on line 488

2022-04-21T13:17:04+00:00 CRITICAL Unmatched '}' in D:\Php\wordpress\nhiboutiques\wp-content\themes\nhiboutiques\template-parts\content-slider.php on line 31

2022-04-21T13:20:13+00:00 CRITICAL Uncaught Error: Call to undefined function get_field() in D:\Php\wordpress\nhiboutiques\wp-content\themes\nhiboutiques\inc\libs.php:488
Stack trace:
#0 D:\Php\wordpress\nhiboutiques\wp-content\themes\nhiboutiques\template-parts\content-slider.php(50): get_custom_field_by_post_id('_banner_url', 40)
#1 D:\Php\wordpress\nhiboutiques\wp-includes\template.php(772): require('D:\\Php\\wordpres...')
#2 D:\Php\wordpress\nhiboutiques\wp-includes\template.php(716): load_template('D:\\Php\\wordpres...', false, Array)
#3 D:\Php\wordpress\nhiboutiques\wp-includes\general-template.php(204): locate_template(Array, true, false, Array)
#4 D:\Php\wordpress\nhiboutiques\wp-content\themes\nhiboutiques\index.php(20): get_template_part('template-parts/...', 'slider')
#5 D:\Php\wordpress\nhiboutiques\wp-includes\template-loader.php(106): include('D:\\Php\\wordpres...')
#6 D:\Php\wordpress\nhiboutiques\wp-blog-header.php(19): require_once('D:\\Php\\wordpres...')
#7 D:\Php\wordpress\nhiboutiques\index.php(17): require('D:\\Php\\wordpres...')
#8 {main}
  thrown in D:\Php\wordpress\nhiboutiques\wp-content\themes\nhiboutiques\inc\libs.php on line 488

2022-04-21T13:25:37+00:00 CRITICAL Uncaught Error: Call to undefined function get_field() in D:\Php\wordpress\nhiboutiques\wp-content\themes\nhiboutiques\inc\libs.php:488
Stack trace:
#0 D:\Php\wordpress\nhiboutiques\wp-content\themes\nhiboutiques\template-parts\content-slider.php(52): get_custom_field_by_post_id('_wp_attached_fi...', 42)
#1 D:\Php\wordpress\nhiboutiques\wp-includes\template.php(772): require('D:\\Php\\wordpres...')
#2 D:\Php\wordpress\nhiboutiques\wp-includes\template.php(716): load_template('D:\\Php\\wordpres...', false, Array)
#3 D:\Php\wordpress\nhiboutiques\wp-includes\general-template.php(204): locate_template(Array, true, false, Array)
#4 D:\Php\wordpress\nhiboutiques\wp-content\themes\nhiboutiques\index.php(20): get_template_part('template-parts/...', 'slider')
#5 D:\Php\wordpress\nhiboutiques\wp-includes\template-loader.php(106): include('D:\\Php\\wordpres...')
#6 D:\Php\wordpress\nhiboutiques\wp-blog-header.php(19): require_once('D:\\Php\\wordpres...')
#7 D:\Php\wordpress\nhiboutiques\index.php(17): require('D:\\Php\\wordpres...')
#8 {main}
  thrown in D:\Php\wordpress\nhiboutiques\wp-content\themes\nhiboutiques\inc\libs.php on line 488

2022-04-21T13:25:57+00:00 CRITICAL Uncaught Error: Call to undefined function get_field() in D:\Php\wordpress\nhiboutiques\wp-content\themes\nhiboutiques\inc\libs.php:488
Stack trace:
#0 D:\Php\wordpress\nhiboutiques\wp-content\themes\nhiboutiques\template-parts\content-slider.php(52): get_custom_field_by_post_id('_thumbnail_id', 40)
#1 D:\Php\wordpress\nhiboutiques\wp-includes\template.php(772): require('D:\\Php\\wordpres...')
#2 D:\Php\wordpress\nhiboutiques\wp-includes\template.php(716): load_template('D:\\Php\\wordpres...', false, Array)
#3 D:\Php\wordpress\nhiboutiques\wp-includes\general-template.php(204): locate_template(Array, true, false, Array)
#4 D:\Php\wordpress\nhiboutiques\wp-content\themes\nhiboutiques\index.php(20): get_template_part('template-parts/...', 'slider')
#5 D:\Php\wordpress\nhiboutiques\wp-includes\template-loader.php(106): include('D:\\Php\\wordpres...')
#6 D:\Php\wordpress\nhiboutiques\wp-blog-header.php(19): require_once('D:\\Php\\wordpres...')
#7 D:\Php\wordpress\nhiboutiques\index.php(17): require('D:\\Php\\wordpres...')
#8 {main}
  thrown in D:\Php\wordpress\nhiboutiques\wp-content\themes\nhiboutiques\inc\libs.php on line 488

