2022-06-19T09:32:58+00:00 CRITICAL Uncaught Error: Undefined constant "DEF_JS" in D:\Php\wordpress\nhiboutiques\wp-content\themes\eoen-shop-theme\functions.php:316
Stack trace:
#0 D:\Php\wordpress\nhiboutiques\wp-includes\class-wp-hook.php(307): fl_scripts('')
#1 D:\Php\wordpress\nhiboutiques\wp-includes\class-wp-hook.php(331): WP_Hook->apply_filters(NULL, Array)
#2 D:\Php\wordpress\nhiboutiques\wp-includes\plugin.php(474): WP_Hook->do_action(Array)
#3 D:\Php\wordpress\nhiboutiques\wp-includes\script-loader.php(2115): do_action('wp_enqueue_scri...')
#4 D:\Php\wordpress\nhiboutiques\wp-includes\class-wp-hook.php(307): wp_enqueue_scripts('')
#5 D:\Php\wordpress\nhiboutiques\wp-includes\class-wp-hook.php(331): WP_Hook->apply_filters('', Array)
#6 D:\Php\wordpress\nhiboutiques\wp-includes\plugin.php(474): WP_Hook->do_action(Array)
#7 D:\Php\wordpress\nhiboutiques\wp-includes\general-template.php(3042): do_action('wp_head')
#8 D:\Php\wordpress\nhiboutiques\wp-content\themes\eoen-shop-theme\header.php(20): wp_head()
#9 D:\Php\wordpress\nhiboutiques\wp-includes\template.php(770): require_once('D:\\Php\\wordpres...')
#10 D:\Php\wordpress\nhiboutiques\wp-includes\template.php(716): load_template('D:\\Php\\wordpres...', true, Array)
#11 D:\Php\wordpress\nhiboutiques\wp-includes\general-template.php(48): locate_template(Array, true, true, Array)
#12 D:\Php\wordpress\nhiboutiques\wp-content\themes\eoen-shop-theme\index.php(11): get_header()
#13 D:\Php\wordpress\nhiboutiques\wp-includes\template-loader.php(106): include('D:\\Php\\wordpres...')
#14 D:\Php\wordpress\nhiboutiques\wp-blog-header.php(19): require_once('D:\\Php\\wordpres...')
#15 D:\Php\wordpress\nhiboutiques\index.php(17): require('D:\\Php\\wordpres...')
#16 {main}
  thrown in D:\Php\wordpress\nhiboutiques\wp-content\themes\eoen-shop-theme\functions.php on line 316

2022-06-19T09:32:59+00:00 CRITICAL Uncaught Error: Undefined constant "DEF_JS" in D:\Php\wordpress\nhiboutiques\wp-content\themes\eoen-shop-theme\functions.php:316
Stack trace:
#0 D:\Php\wordpress\nhiboutiques\wp-includes\class-wp-hook.php(307): fl_scripts('')
#1 D:\Php\wordpress\nhiboutiques\wp-includes\class-wp-hook.php(331): WP_Hook->apply_filters(NULL, Array)
#2 D:\Php\wordpress\nhiboutiques\wp-includes\plugin.php(474): WP_Hook->do_action(Array)
#3 D:\Php\wordpress\nhiboutiques\wp-includes\script-loader.php(2115): do_action('wp_enqueue_scri...')
#4 D:\Php\wordpress\nhiboutiques\wp-includes\class-wp-hook.php(307): wp_enqueue_scripts('')
#5 D:\Php\wordpress\nhiboutiques\wp-includes\class-wp-hook.php(331): WP_Hook->apply_filters('', Array)
#6 D:\Php\wordpress\nhiboutiques\wp-includes\plugin.php(474): WP_Hook->do_action(Array)
#7 D:\Php\wordpress\nhiboutiques\wp-includes\general-template.php(3042): do_action('wp_head')
#8 D:\Php\wordpress\nhiboutiques\wp-content\themes\eoen-shop-theme\header.php(20): wp_head()
#9 D:\Php\wordpress\nhiboutiques\wp-includes\template.php(770): require_once('D:\\Php\\wordpres...')
#10 D:\Php\wordpress\nhiboutiques\wp-includes\template.php(716): load_template('D:\\Php\\wordpres...', true, Array)
#11 D:\Php\wordpress\nhiboutiques\wp-includes\general-template.php(48): locate_template(Array, true, true, Array)
#12 D:\Php\wordpress\nhiboutiques\wp-content\themes\eoen-shop-theme\index.php(11): get_header()
#13 D:\Php\wordpress\nhiboutiques\wp-includes\template-loader.php(106): include('D:\\Php\\wordpres...')
#14 D:\Php\wordpress\nhiboutiques\wp-blog-header.php(19): require_once('D:\\Php\\wordpres...')
#15 D:\Php\wordpress\nhiboutiques\index.php(17): require('D:\\Php\\wordpres...')
#16 {main}
  thrown in D:\Php\wordpress\nhiboutiques\wp-content\themes\eoen-shop-theme\functions.php on line 316

